Analysis & Synthesis report for VGA
Fri Nov 15 23:26:27 2024
Quartus Prime Version 19.1.0 Build 670 09/22/2019 SJ Lite Edition


---------------------
; Table of Contents ;
---------------------
  1. Legal Notice
  2. Analysis & Synthesis Summary
  3. Analysis & Synthesis Settings
  4. Parallel Compilation
  5. Analysis & Synthesis Source Files Read
  6. Analysis & Synthesis Resource Usage Summary
  7. Analysis & Synthesis Resource Utilization by Entity
  8. State Machine - |VGA|Q
  9. Registers Removed During Synthesis
 10. Removed Registers Triggering Further Register Optimizations
 11. General Register Statistics
 12. Multiplexer Restructuring Statistics (Restructuring Performed)
 13. Parameter Settings for User Entity Instance: Top-level Entity: |VGA
 14. Parameter Settings for User Entity Instance: SRAM:S1
 15. Port Connectivity Checks: "Memory:M1"
 16. Port Connectivity Checks: "SRAM:S1"
 17. Post-Synthesis Netlist Statistics for Top Partition
 18. Elapsed Time Per Partition
 19. Analysis & Synthesis Messages
 20. Analysis & Synthesis Suppressed Messages



----------------
; Legal Notice ;
----------------
Copyright (C) 2019  Intel Corporation. All rights reserved.
Your use of Intel Corporation's design tools, logic functions 
and other software and tools, and any partner logic 
functions, and any output files from any of the foregoing 
(including device programming or simulation files), and any 
associated documentation or information are expressly subject 
to the terms and conditions of the Intel Program License 
Subscription Agreement, the Intel Quartus Prime License Agreement,
the Intel FPGA IP License Agreement, or other applicable license
agreement, including, without limitation, that your use is for
the sole purpose of programming logic devices manufactured by
Intel and sold by Intel or its authorized distributors.  Please
refer to the applicable agreement for further details, at
https://fpgasoftware.intel.com/eula.



+-------------------------------------------------------------------------------+
; Analysis & Synthesis Summary                                                  ;
+---------------------------------+---------------------------------------------+
; Analysis & Synthesis Status     ; Successful - Fri Nov 15 23:26:27 2024       ;
; Quartus Prime Version           ; 19.1.0 Build 670 09/22/2019 SJ Lite Edition ;
; Revision Name                   ; VGA                                         ;
; Top-level Entity Name           ; VGA                                         ;
; Family                          ; Cyclone V                                   ;
; Logic utilization (in ALMs)     ; N/A                                         ;
; Total registers                 ; 48                                          ;
; Total pins                      ; 30                                          ;
; Total virtual pins              ; 0                                           ;
; Total block memory bits         ; 0                                           ;
; Total DSP Blocks                ; 0                                           ;
; Total HSSI RX PCSs              ; 0                                           ;
; Total HSSI PMA RX Deserializers ; 0                                           ;
; Total HSSI TX PCSs              ; 0                                           ;
; Total HSSI PMA TX Serializers   ; 0                                           ;
; Total PLLs                      ; 0                                           ;
; Total DLLs                      ; 0                                           ;
+---------------------------------+---------------------------------------------+


+---------------------------------------------------------------------------------------------------------------------------+
; Analysis & Synthesis Settings                                                                                             ;
+---------------------------------------------------------------------------------+--------------------+--------------------+
; Option                                                                          ; Setting            ; Default Value      ;
+---------------------------------------------------------------------------------+--------------------+--------------------+
; Device                                                                          ; 5CSEMA5F31C6       ;                    ;
; Top-level entity name                                                           ; VGA                ; VGA                ;
; Family name                                                                     ; Cyclone V          ; Cyclone V          ;
; Use smart compilation                                                           ; Off                ; Off                ;
; Enable parallel Assembler and Timing Analyzer during compilation                ; On                 ; On                 ;
; Enable compact report table                                                     ; Off                ; Off                ;
; Restructure Multiplexers                                                        ; Auto               ; Auto               ;
; MLAB Add Timing Constraints For Mixed-Port Feed-Through Mode Setting Don't Care ; Off                ; Off                ;
; Create Debugging Nodes for IP Cores                                             ; Off                ; Off                ;
; Preserve fewer node names                                                       ; On                 ; On                 ;
; Intel FPGA IP Evaluation Mode                                                   ; Enable             ; Enable             ;
; Verilog Version                                                                 ; Verilog_2001       ; Verilog_2001       ;
; VHDL Version                                                                    ; VHDL_1993          ; VHDL_1993          ;
; State Machine Processing                                                        ; Auto               ; Auto               ;
; Safe State Machine                                                              ; Off                ; Off                ;
; Extract Verilog State Machines                                                  ; On                 ; On                 ;
; Extract VHDL State Machines                                                     ; On                 ; On                 ;
; Ignore Verilog initial constructs                                               ; Off                ; Off                ;
; Iteration limit for constant Verilog loops                                      ; 5000               ; 5000               ;
; Iteration limit for non-constant Verilog loops                                  ; 250                ; 250                ;
; Add Pass-Through Logic to Inferred RAMs                                         ; On                 ; On                 ;
; Infer RAMs from Raw Logic                                                       ; On                 ; On                 ;
; Parallel Synthesis                                                              ; On                 ; On                 ;
; DSP Block Balancing                                                             ; Auto               ; Auto               ;
; NOT Gate Push-Back                                                              ; On                 ; On                 ;
; Power-Up Don't Care                                                             ; On                 ; On                 ;
; Remove Redundant Logic Cells                                                    ; Off                ; Off                ;
; Remove Duplicate Registers                                                      ; On                 ; On                 ;
; Ignore CARRY Buffers                                                            ; Off                ; Off                ;
; Ignore CASCADE Buffers                                                          ; Off                ; Off                ;
; Ignore GLOBAL Buffers                                                           ; Off                ; Off                ;
; Ignore ROW GLOBAL Buffers                                                       ; Off                ; Off                ;
; Ignore LCELL Buffers                                                            ; Off                ; Off                ;
; Ignore SOFT Buffers                                                             ; On                 ; On                 ;
; Limit AHDL Integers to 32 Bits                                                  ; Off                ; Off                ;
; Optimization Technique                                                          ; Balanced           ; Balanced           ;
; Carry Chain Length                                                              ; 70                 ; 70                 ;
; Auto Carry Chains                                                               ; On                 ; On                 ;
; Auto Open-Drain Pins                                                            ; On                 ; On                 ;
; Perform WYSIWYG Primitive Resynthesis                                           ; Off                ; Off                ;
; Auto ROM Replacement                                                            ; On                 ; On                 ;
; Auto RAM Replacement                                                            ; On                 ; On                 ;
; Auto DSP Block Replacement                                                      ; On                 ; On                 ;
; Auto Shift Register Replacement                                                 ; Auto               ; Auto               ;
; Allow Shift Register Merging across Hierarchies                                 ; Auto               ; Auto               ;
; Auto Clock Enable Replacement                                                   ; On                 ; On                 ;
; Strict RAM Replacement                                                          ; Off                ; Off                ;
; Allow Synchronous Control Signals                                               ; On                 ; On                 ;
; Force Use of Synchronous Clear Signals                                          ; Off                ; Off                ;
; Auto Resource Sharing                                                           ; Off                ; Off                ;
; Allow Any RAM Size For Recognition                                              ; Off                ; Off                ;
; Allow Any ROM Size For Recognition                                              ; Off                ; Off                ;
; Allow Any Shift Register Size For Recognition                                   ; Off                ; Off                ;
; Use LogicLock Constraints during Resource Balancing                             ; On                 ; On                 ;
; Ignore translate_off and synthesis_off directives                               ; Off                ; Off                ;
; Timing-Driven Synthesis                                                         ; On                 ; On                 ;
; Report Parameter Settings                                                       ; On                 ; On                 ;
; Report Source Assignments                                                       ; On                 ; On                 ;
; Report Connectivity Checks                                                      ; On                 ; On                 ;
; Ignore Maximum Fan-Out Assignments                                              ; Off                ; Off                ;
; Synchronization Register Chain Length                                           ; 3                  ; 3                  ;
; Power Optimization During Synthesis                                             ; Normal compilation ; Normal compilation ;
; HDL message level                                                               ; Level2             ; Level2             ;
; Suppress Register Optimization Related Messages                                 ; Off                ; Off                ;
; Number of Removed Registers Reported in Synthesis Report                        ; 5000               ; 5000               ;
; Number of Swept Nodes Reported in Synthesis Report                              ; 5000               ; 5000               ;
; Number of Inverted Registers Reported in Synthesis Report                       ; 100                ; 100                ;
; Clock MUX Protection                                                            ; On                 ; On                 ;
; Auto Gated Clock Conversion                                                     ; Off                ; Off                ;
; Block Design Naming                                                             ; Auto               ; Auto               ;
; SDC constraint protection                                                       ; Off                ; Off                ;
; Synthesis Effort                                                                ; Auto               ; Auto               ;
; Shift Register Replacement - Allow Asynchronous Clear Signal                    ; On                 ; On                 ;
; Pre-Mapping Resynthesis Optimization                                            ; Off                ; Off                ;
; Analysis & Synthesis Message Level                                              ; Medium             ; Medium             ;
; Disable Register Merging Across Hierarchies                                     ; Auto               ; Auto               ;
; Resource Aware Inference For Block RAM                                          ; On                 ; On                 ;
; Automatic Parallel Synthesis                                                    ; On                 ; On                 ;
; Partial Reconfiguration Bitstream ID                                            ; Off                ; Off                ;
+---------------------------------------------------------------------------------+--------------------+--------------------+


+------------------------------------------+
; Parallel Compilation                     ;
+----------------------------+-------------+
; Processors                 ; Number      ;
+----------------------------+-------------+
; Number detected on machine ; 4           ;
; Maximum allowed            ; 2           ;
;                            ;             ;
; Average used               ; 1.00        ;
; Maximum used               ; 2           ;
;                            ;             ;
; Usage by Processor         ; % Time Used ;
;     Processor 1            ; 100.0%      ;
;     Processor 2            ;   0.0%      ;
+----------------------------+-------------+


+------------------------------------------------------------------------------------------------------------------------------------------------+
; Analysis & Synthesis Source Files Read                                                                                                         ;
+----------------------------------+-----------------+------------------------+--------------------------------------------------------+---------+
; File Name with User-Entered Path ; Used in Netlist ; File Type              ; File Name with Absolute Path                           ; Library ;
+----------------------------------+-----------------+------------------------+--------------------------------------------------------+---------+
; ../SRAM/SRAM.v                   ; yes             ; User Verilog HDL File  ; C:/Users/PC/Desktop/IC Design Course/DLD/SRAM/SRAM.v   ;         ;
; ../SRAM/Memory.v                 ; yes             ; User Verilog HDL File  ; C:/Users/PC/Desktop/IC Design Course/DLD/SRAM/Memory.v ;         ;
; VGA.v                            ; yes             ; User Verilog HDL File  ; C:/Users/PC/Desktop/IC Design Course/DLD/XGA/VGA.v     ;         ;
; image.txt                        ; yes             ; Auto-Found File        ; C:/Users/PC/Desktop/IC Design Course/DLD/XGA/image.txt ;         ;
+----------------------------------+-----------------+------------------------+--------------------------------------------------------+---------+


+---------------------------------------------------------+
; Analysis & Synthesis Resource Usage Summary             ;
+---------------------------------------------+-----------+
; Resource                                    ; Usage     ;
+---------------------------------------------+-----------+
; Estimate of Logic utilization (ALMs needed) ; 38        ;
;                                             ;           ;
; Combinational ALUT usage for logic          ; 70        ;
;     -- 7 input functions                    ; 0         ;
;     -- 6 input functions                    ; 6         ;
;     -- 5 input functions                    ; 10        ;
;     -- 4 input functions                    ; 8         ;
;     -- <=3 input functions                  ; 46        ;
;                                             ;           ;
; Dedicated logic registers                   ; 48        ;
;                                             ;           ;
; I/O pins                                    ; 30        ;
;                                             ;           ;
; Total DSP Blocks                            ; 0         ;
;                                             ;           ;
; Maximum fan-out node                        ; clk~input ;
; Maximum fan-out                             ; 48        ;
; Total fan-out                               ; 454       ;
; Average fan-out                             ; 2.55      ;
+---------------------------------------------+-----------+


+----------------------------------------------------------------------------------------------------------------------------------------------------------------------------------------+
; Analysis & Synthesis Resource Utilization by Entity                                                                                                                                    ;
+----------------------------+---------------------+---------------------------+-------------------+------------+------+--------------+---------------------+-------------+--------------+
; Compilation Hierarchy Node ; Combinational ALUTs ; Dedicated Logic Registers ; Block Memory Bits ; DSP Blocks ; Pins ; Virtual Pins ; Full Hierarchy Name ; Entity Name ; Library Name ;
+----------------------------+---------------------+---------------------------+-------------------+------------+------+--------------+---------------------+-------------+--------------+
; |VGA                       ; 70 (70)             ; 48 (48)                   ; 0                 ; 0          ; 30   ; 0            ; |VGA                ; VGA         ; work         ;
+----------------------------+---------------------+---------------------------+-------------------+------------+------+--------------+---------------------+-------------+--------------+
Note: For table entries with two numbers listed, the numbers in parentheses indicate the number of resources of the given type used by the specific entity alone. The numbers listed outside of parentheses indicate the total resources of the given type used by the specific entity and all of its sub-entities in the hierarchy.


Encoding Type:  One-Hot
+----------------------------------------------------------------------+
; State Machine - |VGA|Q                                               ;
+--------+------+-------+------+-------+------+-------+-------+--------+
; Name   ; Q.VS ; Q.VFP ; Q.HS ; Q.HFP ; Q.HA ; Q.HBP ; Q.VBP ; Q.Idle ;
+--------+------+-------+------+-------+------+-------+-------+--------+
; Q.Idle ; 0    ; 0     ; 0    ; 0     ; 0    ; 0     ; 0     ; 0      ;
; Q.VBP  ; 0    ; 0     ; 0    ; 0     ; 0    ; 0     ; 1     ; 1      ;
; Q.HBP  ; 0    ; 0     ; 0    ; 0     ; 0    ; 1     ; 0     ; 1      ;
; Q.HA   ; 0    ; 0     ; 0    ; 0     ; 1    ; 0     ; 0     ; 1      ;
; Q.HFP  ; 0    ; 0     ; 0    ; 1     ; 0    ; 0     ; 0     ; 1      ;
; Q.HS   ; 0    ; 0     ; 1    ; 0     ; 0    ; 0     ; 0     ; 1      ;
; Q.VFP  ; 0    ; 1     ; 0    ; 0     ; 0    ; 0     ; 0     ; 1      ;
; Q.VS   ; 1    ; 0     ; 0    ; 0     ; 0    ; 0     ; 0     ; 1      ;
+--------+------+-------+------+-------+------+-------+-------+--------+


+--------------------------------------------------------------------------------------+
; Registers Removed During Synthesis                                                   ;
+----------------------------------------+---------------------------------------------+
; Register name                          ; Reason for Removal                          ;
+----------------------------------------+---------------------------------------------+
; SRAM:S1|sram_addr[0..6]                ; Stuck at GND due to stuck port clock_enable ;
; SRAM:S1|sram_ce_n                      ; Stuck at VCC due to stuck port data_in      ;
; SRAM:S1|sram_oe_n                      ; Stuck at VCC due to stuck port data_in      ;
; SRAM:S1|user_read_data[23]             ; Stuck at GND due to stuck port clock_enable ;
; SRAM:S1|sram_read_data[23]             ; Lost fanout                                 ;
; SRAM:S1|user_read_data[22]             ; Stuck at GND due to stuck port clock_enable ;
; SRAM:S1|sram_read_data[22]             ; Lost fanout                                 ;
; SRAM:S1|user_read_data[21]             ; Stuck at GND due to stuck port clock_enable ;
; SRAM:S1|sram_read_data[21]             ; Lost fanout                                 ;
; SRAM:S1|user_read_data[20]             ; Stuck at GND due to stuck port clock_enable ;
; SRAM:S1|sram_read_data[20]             ; Lost fanout                                 ;
; SRAM:S1|user_read_data[19]             ; Stuck at GND due to stuck port clock_enable ;
; SRAM:S1|sram_read_data[19]             ; Lost fanout                                 ;
; SRAM:S1|user_read_data[18]             ; Stuck at GND due to stuck port clock_enable ;
; SRAM:S1|sram_read_data[18]             ; Lost fanout                                 ;
; SRAM:S1|user_read_data[17]             ; Stuck at GND due to stuck port clock_enable ;
; SRAM:S1|sram_read_data[17]             ; Lost fanout                                 ;
; SRAM:S1|user_read_data[16]             ; Stuck at GND due to stuck port clock_enable ;
; SRAM:S1|sram_read_data[16]             ; Lost fanout                                 ;
; SRAM:S1|user_read_data[15]             ; Stuck at GND due to stuck port clock_enable ;
; SRAM:S1|sram_read_data[15]             ; Lost fanout                                 ;
; SRAM:S1|user_read_data[14]             ; Stuck at GND due to stuck port clock_enable ;
; SRAM:S1|sram_read_data[14]             ; Lost fanout                                 ;
; SRAM:S1|user_read_data[13]             ; Stuck at GND due to stuck port clock_enable ;
; SRAM:S1|sram_read_data[13]             ; Lost fanout                                 ;
; SRAM:S1|user_read_data[12]             ; Stuck at GND due to stuck port clock_enable ;
; SRAM:S1|sram_read_data[12]             ; Lost fanout                                 ;
; SRAM:S1|user_read_data[11]             ; Stuck at GND due to stuck port clock_enable ;
; SRAM:S1|sram_read_data[11]             ; Lost fanout                                 ;
; SRAM:S1|user_read_data[10]             ; Stuck at GND due to stuck port clock_enable ;
; SRAM:S1|sram_read_data[10]             ; Lost fanout                                 ;
; SRAM:S1|user_read_data[9]              ; Stuck at GND due to stuck port clock_enable ;
; SRAM:S1|sram_read_data[9]              ; Lost fanout                                 ;
; SRAM:S1|user_read_data[8]              ; Stuck at GND due to stuck port clock_enable ;
; SRAM:S1|sram_read_data[8]              ; Lost fanout                                 ;
; SRAM:S1|user_read_data[7]              ; Stuck at GND due to stuck port clock_enable ;
; SRAM:S1|sram_read_data[7]              ; Lost fanout                                 ;
; SRAM:S1|user_read_data[6]              ; Stuck at GND due to stuck port clock_enable ;
; SRAM:S1|sram_read_data[6]              ; Lost fanout                                 ;
; SRAM:S1|user_read_data[5]              ; Stuck at GND due to stuck port clock_enable ;
; SRAM:S1|sram_read_data[5]              ; Lost fanout                                 ;
; SRAM:S1|user_read_data[4]              ; Stuck at GND due to stuck port clock_enable ;
; SRAM:S1|sram_read_data[4]              ; Lost fanout                                 ;
; SRAM:S1|user_read_data[3]              ; Stuck at GND due to stuck port clock_enable ;
; SRAM:S1|sram_read_data[3]              ; Lost fanout                                 ;
; SRAM:S1|user_read_data[2]              ; Stuck at GND due to stuck port clock_enable ;
; SRAM:S1|sram_read_data[2]              ; Lost fanout                                 ;
; SRAM:S1|user_read_data[1]              ; Stuck at GND due to stuck port clock_enable ;
; SRAM:S1|sram_read_data[1]              ; Lost fanout                                 ;
; SRAM:S1|user_read_data[0]              ; Stuck at GND due to stuck port clock_enable ;
; SRAM:S1|sram_read_data[0]              ; Lost fanout                                 ;
; ADD[10..19]                            ; Lost fanout                                 ;
; Q~4                                    ; Lost fanout                                 ;
; Q~5                                    ; Lost fanout                                 ;
; Q~6                                    ; Lost fanout                                 ;
; Total Number of Removed Registers = 70 ;                                             ;
+----------------------------------------+---------------------------------------------+


+------------------------------------------------------------------------------------------------------+
; Removed Registers Triggering Further Register Optimizations                                          ;
+----------------------------+--------------------------------+----------------------------------------+
; Register name              ; Reason for Removal             ; Registers Removed due to This Register ;
+----------------------------+--------------------------------+----------------------------------------+
; SRAM:S1|user_read_data[23] ; Stuck at GND                   ; SRAM:S1|sram_read_data[23]             ;
;                            ; due to stuck port clock_enable ;                                        ;
; SRAM:S1|user_read_data[22] ; Stuck at GND                   ; SRAM:S1|sram_read_data[22]             ;
;                            ; due to stuck port clock_enable ;                                        ;
; SRAM:S1|user_read_data[21] ; Stuck at GND                   ; SRAM:S1|sram_read_data[21]             ;
;                            ; due to stuck port clock_enable ;                                        ;
; SRAM:S1|user_read_data[20] ; Stuck at GND                   ; SRAM:S1|sram_read_data[20]             ;
;                            ; due to stuck port clock_enable ;                                        ;
; SRAM:S1|user_read_data[19] ; Stuck at GND                   ; SRAM:S1|sram_read_data[19]             ;
;                            ; due to stuck port clock_enable ;                                        ;
; SRAM:S1|user_read_data[18] ; Stuck at GND                   ; SRAM:S1|sram_read_data[18]             ;
;                            ; due to stuck port clock_enable ;                                        ;
; SRAM:S1|user_read_data[17] ; Stuck at GND                   ; SRAM:S1|sram_read_data[17]             ;
;                            ; due to stuck port clock_enable ;                                        ;
; SRAM:S1|user_read_data[16] ; Stuck at GND                   ; SRAM:S1|sram_read_data[16]             ;
;                            ; due to stuck port clock_enable ;                                        ;
; SRAM:S1|user_read_data[15] ; Stuck at GND                   ; SRAM:S1|sram_read_data[15]             ;
;                            ; due to stuck port clock_enable ;                                        ;
; SRAM:S1|user_read_data[14] ; Stuck at GND                   ; SRAM:S1|sram_read_data[14]             ;
;                            ; due to stuck port clock_enable ;                                        ;
; SRAM:S1|user_read_data[13] ; Stuck at GND                   ; SRAM:S1|sram_read_data[13]             ;
;                            ; due to stuck port clock_enable ;                                        ;
; SRAM:S1|user_read_data[12] ; Stuck at GND                   ; SRAM:S1|sram_read_data[12]             ;
;                            ; due to stuck port clock_enable ;                                        ;
; SRAM:S1|user_read_data[11] ; Stuck at GND                   ; SRAM:S1|sram_read_data[11]             ;
;                            ; due to stuck port clock_enable ;                                        ;
; SRAM:S1|user_read_data[10] ; Stuck at GND                   ; SRAM:S1|sram_read_data[10]             ;
;                            ; due to stuck port clock_enable ;                                        ;
; SRAM:S1|user_read_data[9]  ; Stuck at GND                   ; SRAM:S1|sram_read_data[9]              ;
;                            ; due to stuck port clock_enable ;                                        ;
; SRAM:S1|user_read_data[8]  ; Stuck at GND                   ; SRAM:S1|sram_read_data[8]              ;
;                            ; due to stuck port clock_enable ;                                        ;
; SRAM:S1|user_read_data[7]  ; Stuck at GND                   ; SRAM:S1|sram_read_data[7]              ;
;                            ; due to stuck port clock_enable ;                                        ;
; SRAM:S1|user_read_data[6]  ; Stuck at GND                   ; SRAM:S1|sram_read_data[6]              ;
;                            ; due to stuck port clock_enable ;                                        ;
; SRAM:S1|user_read_data[5]  ; Stuck at GND                   ; SRAM:S1|sram_read_data[5]              ;
;                            ; due to stuck port clock_enable ;                                        ;
; SRAM:S1|user_read_data[4]  ; Stuck at GND                   ; SRAM:S1|sram_read_data[4]              ;
;                            ; due to stuck port clock_enable ;                                        ;
; SRAM:S1|user_read_data[3]  ; Stuck at GND                   ; SRAM:S1|sram_read_data[3]              ;
;                            ; due to stuck port clock_enable ;                                        ;
; SRAM:S1|user_read_data[2]  ; Stuck at GND                   ; SRAM:S1|sram_read_data[2]              ;
;                            ; due to stuck port clock_enable ;                                        ;
; SRAM:S1|user_read_data[1]  ; Stuck at GND                   ; SRAM:S1|sram_read_data[1]              ;
;                            ; due to stuck port clock_enable ;                                        ;
; SRAM:S1|user_read_data[0]  ; Stuck at GND                   ; SRAM:S1|sram_read_data[0]              ;
;                            ; due to stuck port clock_enable ;                                        ;
+----------------------------+--------------------------------+----------------------------------------+


+------------------------------------------------------+
; General Register Statistics                          ;
+----------------------------------------------+-------+
; Statistic                                    ; Value ;
+----------------------------------------------+-------+
; Total registers                              ; 48    ;
; Number of registers using Synchronous Clear  ; 29    ;
; Number of registers using Synchronous Load   ; 0     ;
; Number of registers using Asynchronous Clear ; 48    ;
; Number of registers using Asynchronous Load  ; 0     ;
; Number of registers using Clock Enable       ; 40    ;
; Number of registers using Preset             ; 0     ;
+----------------------------------------------+-------+


+------------------------------------------------------------------------------------------------------------------------------------------+
; Multiplexer Restructuring Statistics (Restructuring Performed)                                                                           ;
+--------------------+-----------+---------------+----------------------+------------------------+------------+----------------------------+
; Multiplexer Inputs ; Bus Width ; Baseline Area ; Area if Restructured ; Saving if Restructured ; Registered ; Example Multiplexer Output ;
+--------------------+-----------+---------------+----------------------+------------------------+------------+----------------------------+
; 3:1                ; 11 bits   ; 22 LEs        ; 0 LEs                ; 22 LEs                 ; Yes        ; |VGA|X[10]                 ;
; 3:1                ; 9 bits    ; 18 LEs        ; 0 LEs                ; 18 LEs                 ; Yes        ; |VGA|y1[8]                 ;
; 3:1                ; 9 bits    ; 18 LEs        ; 0 LEs                ; 18 LEs                 ; Yes        ; |VGA|x1[8]                 ;
+--------------------+-----------+---------------+----------------------+------------------------+------------+----------------------------+


+---------------------------------------------------------------------+
; Parameter Settings for User Entity Instance: Top-level Entity: |VGA ;
+----------------+-------+--------------------------------------------+
; Parameter Name ; Value ; Type                                       ;
+----------------+-------+--------------------------------------------+
; H_ACTIVE       ; 1024  ; Signed Integer                             ;
; H_SYNC         ; 136   ; Signed Integer                             ;
; H_BACK_PORCH   ; 160   ; Signed Integer                             ;
; H_FRONT_PORCH  ; 24    ; Signed Integer                             ;
; V_ACTIVE       ; 768   ; Signed Integer                             ;
; V_SYNC         ; 6     ; Signed Integer                             ;
; V_BACK_PORCH   ; 29    ; Signed Integer                             ;
; V_FRONT_PORCH  ; 3     ; Signed Integer                             ;
; Idle           ; 000   ; Unsigned Binary                            ;
; VBP            ; 001   ; Unsigned Binary                            ;
; HBP            ; 010   ; Unsigned Binary                            ;
; HA             ; 011   ; Unsigned Binary                            ;
; HFP            ; 100   ; Unsigned Binary                            ;
; HS             ; 101   ; Unsigned Binary                            ;
; VFP            ; 110   ; Unsigned Binary                            ;
; VS             ; 111   ; Unsigned Binary                            ;
+----------------+-------+--------------------------------------------+
Note: In order to hide this table in the UI and the text report file, please set the "Show Parameter Settings in Synthesis Report" option in "Analysis and Synthesis Settings -> More Settings" to "Off".


+------------------------------------------------------+
; Parameter Settings for User Entity Instance: SRAM:S1 ;
+----------------+-------+-----------------------------+
; Parameter Name ; Value ; Type                        ;
+----------------+-------+-----------------------------+
; ADDR_WIDTH     ; 20    ; Signed Integer              ;
; DATA_WIDTH     ; 32    ; Signed Integer              ;
+----------------+-------+-----------------------------+
Note: In order to hide this table in the UI and the text report file, please set the "Show Parameter Settings in Synthesis Report" option in "Analysis and Synthesis Settings -> More Settings" to "Off".


+--------------------------------------------------------------------------------------------------------------------------------------------------------+
; Port Connectivity Checks: "Memory:M1"                                                                                                                  ;
+------+--------+----------+-----------------------------------------------------------------------------------------------------------------------------+
; Port ; Type   ; Severity ; Details                                                                                                                     ;
+------+--------+----------+-----------------------------------------------------------------------------------------------------------------------------+
; Data ; Output ; Warning  ; Output or bidir port (33 bits) is wider than the port expression (32 bits) it drives; bit(s) "Data[32..32]" have no fanouts ;
+------+--------+----------+-----------------------------------------------------------------------------------------------------------------------------+


+----------------------------------------------------------------------------------------------------------------------------------+
; Port Connectivity Checks: "SRAM:S1"                                                                                              ;
+------------------------+--------+----------+-------------------------------------------------------------------------------------+
; Port                   ; Type   ; Severity ; Details                                                                             ;
+------------------------+--------+----------+-------------------------------------------------------------------------------------+
; write_enable           ; Input  ; Info     ; Stuck at GND                                                                        ;
; user_read_data[31..24] ; Output ; Info     ; Connected to dangling logic. Logic that only feeds a dangling port will be removed. ;
+------------------------+--------+----------+-------------------------------------------------------------------------------------+


+-----------------------------------------------------+
; Post-Synthesis Netlist Statistics for Top Partition ;
+-----------------------+-----------------------------+
; Type                  ; Count                       ;
+-----------------------+-----------------------------+
; arriav_ff             ; 48                          ;
;     CLR               ; 8                           ;
;     ENA CLR           ; 11                          ;
;     ENA CLR SCLR      ; 29                          ;
; arriav_lcell_comb     ; 71                          ;
;     arith             ; 39                          ;
;         1 data inputs ; 38                          ;
;         2 data inputs ; 1                           ;
;     normal            ; 32                          ;
;         0 data inputs ; 1                           ;
;         1 data inputs ; 1                           ;
;         2 data inputs ; 3                           ;
;         3 data inputs ; 3                           ;
;         4 data inputs ; 8                           ;
;         5 data inputs ; 10                          ;
;         6 data inputs ; 6                           ;
; boundary_port         ; 30                          ;
;                       ;                             ;
; Max LUT depth         ; 3.00                        ;
; Average LUT depth     ; 2.02                        ;
+-----------------------+-----------------------------+


+-------------------------------+
; Elapsed Time Per Partition    ;
+----------------+--------------+
; Partition Name ; Elapsed Time ;
+----------------+--------------+
; Top            ; 00:00:00     ;
+----------------+--------------+


+-------------------------------+
; Analysis & Synthesis Messages ;
+-------------------------------+
Info: *******************************************************************
Info: Running Quartus Prime Analysis & Synthesis
    Info: Version 19.1.0 Build 670 09/22/2019 SJ Lite Edition
    Info: Processing started: Fri Nov 15 23:26:10 2024
Info: Command: quartus_map --read_settings_files=on --write_settings_files=off VGA -c VGA
Warning (18236): Number of processors has not been specified which may cause overloading on shared machines.  Set the global assignment NUM_PARALLEL_PROCESSORS in your QSF to an appropriate value for best performance.
Info (20030): Parallel compilation is enabled and will use 2 of the 2 processors detected
Info (12021): Found 1 design units, including 1 entities, in source file /users/pc/desktop/ic design course/dld/sram/sram.v
    Info (12023): Found entity 1: SRAM File: C:/Users/PC/Desktop/IC Design Course/DLD/SRAM/SRAM.v Line: 1
Info (12021): Found 1 design units, including 1 entities, in source file /users/pc/desktop/ic design course/dld/sram/memory.v
    Info (12023): Found entity 1: Memory File: C:/Users/PC/Desktop/IC Design Course/DLD/SRAM/Memory.v Line: 1
Info (12021): Found 1 design units, including 1 entities, in source file vga.v
    Info (12023): Found entity 1: VGA File: C:/Users/PC/Desktop/IC Design Course/DLD/XGA/VGA.v Line: 1
Info (12127): Elaborating entity "VGA" for the top level hierarchy
Warning (10036): Verilog HDL or VHDL warning at VGA.v(14): object "A" assigned a value but never read File: C:/Users/PC/Desktop/IC Design Course/DLD/XGA/VGA.v Line: 14
Warning (10230): Verilog HDL assignment warning at VGA.v(34): truncated value with size 32 to match size of target (11) File: C:/Users/PC/Desktop/IC Design Course/DLD/XGA/VGA.v Line: 34
Warning (10230): Verilog HDL assignment warning at VGA.v(38): truncated value with size 32 to match size of target (9) File: C:/Users/PC/Desktop/IC Design Course/DLD/XGA/VGA.v Line: 38
Warning (10230): Verilog HDL assignment warning at VGA.v(39): truncated value with size 32 to match size of target (9) File: C:/Users/PC/Desktop/IC Design Course/DLD/XGA/VGA.v Line: 39
Warning (10230): Verilog HDL assignment warning at VGA.v(40): truncated value with size 32 to match size of target (11) File: C:/Users/PC/Desktop/IC Design Course/DLD/XGA/VGA.v Line: 40
Warning (10230): Verilog HDL assignment warning at VGA.v(41): truncated value with size 32 to match size of target (11) File: C:/Users/PC/Desktop/IC Design Course/DLD/XGA/VGA.v Line: 41
Warning (10240): Verilog HDL Always Construct warning at VGA.v(22): inferring latch(es) for variable "ADD", which holds its previous value in one or more paths through the always construct File: C:/Users/PC/Desktop/IC Design Course/DLD/XGA/VGA.v Line: 22
Warning (10230): Verilog HDL assignment warning at VGA.v(143): truncated value with size 23 to match size of target (14) File: C:/Users/PC/Desktop/IC Design Course/DLD/XGA/VGA.v Line: 143
Warning (10240): Verilog HDL Always Construct warning at VGA.v(77): inferring latch(es) for variable "d", which holds its previous value in one or more paths through the always construct File: C:/Users/PC/Desktop/IC Design Course/DLD/XGA/VGA.v Line: 77
Warning (10034): Output port "GPins" at VGA.v(4) has no driver File: C:/Users/PC/Desktop/IC Design Course/DLD/XGA/VGA.v Line: 4
Info (10041): Inferred latch for "d" at VGA.v(77) File: C:/Users/PC/Desktop/IC Design Course/DLD/XGA/VGA.v Line: 77
Info (10041): Inferred latch for "ADD[0]" at VGA.v(22) File: C:/Users/PC/Desktop/IC Design Course/DLD/XGA/VGA.v Line: 22
Info (10041): Inferred latch for "ADD[1]" at VGA.v(22) File: C:/Users/PC/Desktop/IC Design Course/DLD/XGA/VGA.v Line: 22
Info (10041): Inferred latch for "ADD[2]" at VGA.v(22) File: C:/Users/PC/Desktop/IC Design Course/DLD/XGA/VGA.v Line: 22
Info (10041): Inferred latch for "ADD[3]" at VGA.v(22) File: C:/Users/PC/Desktop/IC Design Course/DLD/XGA/VGA.v Line: 22
Info (10041): Inferred latch for "ADD[4]" at VGA.v(22) File: C:/Users/PC/Desktop/IC Design Course/DLD/XGA/VGA.v Line: 22
Info (10041): Inferred latch for "ADD[5]" at VGA.v(22) File: C:/Users/PC/Desktop/IC Design Course/DLD/XGA/VGA.v Line: 22
Info (10041): Inferred latch for "ADD[6]" at VGA.v(22) File: C:/Users/PC/Desktop/IC Design Course/DLD/XGA/VGA.v Line: 22
Info (10041): Inferred latch for "ADD[7]" at VGA.v(22) File: C:/Users/PC/Desktop/IC Design Course/DLD/XGA/VGA.v Line: 22
Info (10041): Inferred latch for "ADD[8]" at VGA.v(22) File: C:/Users/PC/Desktop/IC Design Course/DLD/XGA/VGA.v Line: 22
Info (10041): Inferred latch for "ADD[9]" at VGA.v(22) File: C:/Users/PC/Desktop/IC Design Course/DLD/XGA/VGA.v Line: 22
Info (12128): Elaborating entity "SRAM" for hierarchy "SRAM:S1" File: C:/Users/PC/Desktop/IC Design Course/DLD/XGA/VGA.v Line: 159
Info (12128): Elaborating entity "Memory" for hierarchy "Memory:M1" File: C:/Users/PC/Desktop/IC Design Course/DLD/XGA/VGA.v Line: 161
Warning (10850): Verilog HDL warning at Memory.v(8): number of words (4320) in memory file does not match the number of elements in the address range [0:75] File: C:/Users/PC/Desktop/IC Design Course/DLD/SRAM/Memory.v Line: 8
Warning (10240): Verilog HDL Always Construct warning at Memory.v(12): inferring latch(es) for variable "Data", which holds its previous value in one or more paths through the always construct File: C:/Users/PC/Desktop/IC Design Course/DLD/SRAM/Memory.v Line: 12
Warning (10030): Net "ram.data_a" at Memory.v(6) has no driver or initial value, using a default initial value '0' File: C:/Users/PC/Desktop/IC Design Course/DLD/SRAM/Memory.v Line: 6
Warning (10030): Net "ram.waddr_a" at Memory.v(6) has no driver or initial value, using a default initial value '0' File: C:/Users/PC/Desktop/IC Design Course/DLD/SRAM/Memory.v Line: 6
Warning (10030): Net "ram.we_a" at Memory.v(6) has no driver or initial value, using a default initial value '0' File: C:/Users/PC/Desktop/IC Design Course/DLD/SRAM/Memory.v Line: 6
Info (10041): Inferred latch for "Data[0]" at Memory.v(12) File: C:/Users/PC/Desktop/IC Design Course/DLD/SRAM/Memory.v Line: 12
Info (10041): Inferred latch for "Data[1]" at Memory.v(12) File: C:/Users/PC/Desktop/IC Design Course/DLD/SRAM/Memory.v Line: 12
Info (10041): Inferred latch for "Data[2]" at Memory.v(12) File: C:/Users/PC/Desktop/IC Design Course/DLD/SRAM/Memory.v Line: 12
Info (10041): Inferred latch for "Data[3]" at Memory.v(12) File: C:/Users/PC/Desktop/IC Design Course/DLD/SRAM/Memory.v Line: 12
Info (10041): Inferred latch for "Data[4]" at Memory.v(12) File: C:/Users/PC/Desktop/IC Design Course/DLD/SRAM/Memory.v Line: 12
Info (10041): Inferred latch for "Data[5]" at Memory.v(12) File: C:/Users/PC/Desktop/IC Design Course/DLD/SRAM/Memory.v Line: 12
Info (10041): Inferred latch for "Data[6]" at Memory.v(12) File: C:/Users/PC/Desktop/IC Design Course/DLD/SRAM/Memory.v Line: 12
Info (10041): Inferred latch for "Data[7]" at Memory.v(12) File: C:/Users/PC/Desktop/IC Design Course/DLD/SRAM/Memory.v Line: 12
Info (10041): Inferred latch for "Data[8]" at Memory.v(12) File: C:/Users/PC/Desktop/IC Design Course/DLD/SRAM/Memory.v Line: 12
Info (10041): Inferred latch for "Data[9]" at Memory.v(12) File: C:/Users/PC/Desktop/IC Design Course/DLD/SRAM/Memory.v Line: 12
Info (10041): Inferred latch for "Data[10]" at Memory.v(12) File: C:/Users/PC/Desktop/IC Design Course/DLD/SRAM/Memory.v Line: 12
Info (10041): Inferred latch for "Data[11]" at Memory.v(12) File: C:/Users/PC/Desktop/IC Design Course/DLD/SRAM/Memory.v Line: 12
Info (10041): Inferred latch for "Data[12]" at Memory.v(12) File: C:/Users/PC/Desktop/IC Design Course/DLD/SRAM/Memory.v Line: 12
Info (10041): Inferred latch for "Data[13]" at Memory.v(12) File: C:/Users/PC/Desktop/IC Design Course/DLD/SRAM/Memory.v Line: 12
Info (10041): Inferred latch for "Data[14]" at Memory.v(12) File: C:/Users/PC/Desktop/IC Design Course/DLD/SRAM/Memory.v Line: 12
Info (10041): Inferred latch for "Data[15]" at Memory.v(12) File: C:/Users/PC/Desktop/IC Design Course/DLD/SRAM/Memory.v Line: 12
Info (10041): Inferred latch for "Data[16]" at Memory.v(12) File: C:/Users/PC/Desktop/IC Design Course/DLD/SRAM/Memory.v Line: 12
Info (10041): Inferred latch for "Data[17]" at Memory.v(12) File: C:/Users/PC/Desktop/IC Design Course/DLD/SRAM/Memory.v Line: 12
Info (10041): Inferred latch for "Data[18]" at Memory.v(12) File: C:/Users/PC/Desktop/IC Design Course/DLD/SRAM/Memory.v Line: 12
Info (10041): Inferred latch for "Data[19]" at Memory.v(12) File: C:/Users/PC/Desktop/IC Design Course/DLD/SRAM/Memory.v Line: 12
Info (10041): Inferred latch for "Data[20]" at Memory.v(12) File: C:/Users/PC/Desktop/IC Design Course/DLD/SRAM/Memory.v Line: 12
Info (10041): Inferred latch for "Data[21]" at Memory.v(12) File: C:/Users/PC/Desktop/IC Design Course/DLD/SRAM/Memory.v Line: 12
Info (10041): Inferred latch for "Data[22]" at Memory.v(12) File: C:/Users/PC/Desktop/IC Design Course/DLD/SRAM/Memory.v Line: 12
Info (10041): Inferred latch for "Data[23]" at Memory.v(12) File: C:/Users/PC/Desktop/IC Design Course/DLD/SRAM/Memory.v Line: 12
Info (10041): Inferred latch for "Data[24]" at Memory.v(12) File: C:/Users/PC/Desktop/IC Design Course/DLD/SRAM/Memory.v Line: 12
Info (10041): Inferred latch for "Data[25]" at Memory.v(12) File: C:/Users/PC/Desktop/IC Design Course/DLD/SRAM/Memory.v Line: 12
Info (10041): Inferred latch for "Data[26]" at Memory.v(12) File: C:/Users/PC/Desktop/IC Design Course/DLD/SRAM/Memory.v Line: 12
Info (10041): Inferred latch for "Data[27]" at Memory.v(12) File: C:/Users/PC/Desktop/IC Design Course/DLD/SRAM/Memory.v Line: 12
Info (10041): Inferred latch for "Data[28]" at Memory.v(12) File: C:/Users/PC/Desktop/IC Design Course/DLD/SRAM/Memory.v Line: 12
Info (10041): Inferred latch for "Data[29]" at Memory.v(12) File: C:/Users/PC/Desktop/IC Design Course/DLD/SRAM/Memory.v Line: 12
Info (10041): Inferred latch for "Data[30]" at Memory.v(12) File: C:/Users/PC/Desktop/IC Design Course/DLD/SRAM/Memory.v Line: 12
Info (10041): Inferred latch for "Data[31]" at Memory.v(12) File: C:/Users/PC/Desktop/IC Design Course/DLD/SRAM/Memory.v Line: 12
Info (10041): Inferred latch for "Data[32]" at Memory.v(12) File: C:/Users/PC/Desktop/IC Design Course/DLD/SRAM/Memory.v Line: 12
Warning (12241): 1 hierarchies have connectivity warnings - see the Connectivity Checks report folder
Warning (13024): Output pins are stuck at VCC or GND
    Warning (13410): Pin "VR[0]" is stuck at GND File: C:/Users/PC/Desktop/IC Design Course/DLD/XGA/VGA.v Line: 3
    Warning (13410): Pin "VR[1]" is stuck at GND File: C:/Users/PC/Desktop/IC Design Course/DLD/XGA/VGA.v Line: 3
    Warning (13410): Pin "VR[2]" is stuck at GND File: C:/Users/PC/Desktop/IC Design Course/DLD/XGA/VGA.v Line: 3
    Warning (13410): Pin "VR[3]" is stuck at GND File: C:/Users/PC/Desktop/IC Design Course/DLD/XGA/VGA.v Line: 3
    Warning (13410): Pin "VR[4]" is stuck at GND File: C:/Users/PC/Desktop/IC Design Course/DLD/XGA/VGA.v Line: 3
    Warning (13410): Pin "VR[5]" is stuck at GND File: C:/Users/PC/Desktop/IC Design Course/DLD/XGA/VGA.v Line: 3
    Warning (13410): Pin "VR[6]" is stuck at GND File: C:/Users/PC/Desktop/IC Design Course/DLD/XGA/VGA.v Line: 3
    Warning (13410): Pin "VR[7]" is stuck at GND File: C:/Users/PC/Desktop/IC Design Course/DLD/XGA/VGA.v Line: 3
    Warning (13410): Pin "VG[0]" is stuck at GND File: C:/Users/PC/Desktop/IC Design Course/DLD/XGA/VGA.v Line: 3
    Warning (13410): Pin "VG[1]" is stuck at GND File: C:/Users/PC/Desktop/IC Design Course/DLD/XGA/VGA.v Line: 3
    Warning (13410): Pin "VG[2]" is stuck at GND File: C:/Users/PC/Desktop/IC Design Course/DLD/XGA/VGA.v Line: 3
    Warning (13410): Pin "VG[3]" is stuck at GND File: C:/Users/PC/Desktop/IC Design Course/DLD/XGA/VGA.v Line: 3
    Warning (13410): Pin "VG[4]" is stuck at GND File: C:/Users/PC/Desktop/IC Design Course/DLD/XGA/VGA.v Line: 3
    Warning (13410): Pin "VG[5]" is stuck at GND File: C:/Users/PC/Desktop/IC Design Course/DLD/XGA/VGA.v Line: 3
    Warning (13410): Pin "VG[6]" is stuck at GND File: C:/Users/PC/Desktop/IC Design Course/DLD/XGA/VGA.v Line: 3
    Warning (13410): Pin "VG[7]" is stuck at GND File: C:/Users/PC/Desktop/IC Design Course/DLD/XGA/VGA.v Line: 3
    Warning (13410): Pin "VB[0]" is stuck at GND File: C:/Users/PC/Desktop/IC Design Course/DLD/XGA/VGA.v Line: 3
    Warning (13410): Pin "VB[1]" is stuck at GND File: C:/Users/PC/Desktop/IC Design Course/DLD/XGA/VGA.v Line: 3
    Warning (13410): Pin "VB[2]" is stuck at GND File: C:/Users/PC/Desktop/IC Design Course/DLD/XGA/VGA.v Line: 3
    Warning (13410): Pin "VB[3]" is stuck at GND File: C:/Users/PC/Desktop/IC Design Course/DLD/XGA/VGA.v Line: 3
    Warning (13410): Pin "VB[4]" is stuck at GND File: C:/Users/PC/Desktop/IC Design Course/DLD/XGA/VGA.v Line: 3
    Warning (13410): Pin "VB[5]" is stuck at GND File: C:/Users/PC/Desktop/IC Design Course/DLD/XGA/VGA.v Line: 3
    Warning (13410): Pin "VB[6]" is stuck at GND File: C:/Users/PC/Desktop/IC Design Course/DLD/XGA/VGA.v Line: 3
    Warning (13410): Pin "VB[7]" is stuck at GND File: C:/Users/PC/Desktop/IC Design Course/DLD/XGA/VGA.v Line: 3
    Warning (13410): Pin "GPins" is stuck at GND File: C:/Users/PC/Desktop/IC Design Course/DLD/XGA/VGA.v Line: 4
Info (286030): Timing-Driven Synthesis is running
Info (17049): 37 registers lost all their fanouts during netlist optimizations.
Info (144001): Generated suppressed messages file C:/Users/PC/Desktop/IC Design Course/DLD/XGA/output_files/VGA.map.smsg
Info (16010): Generating hard_block partition "hard_block:auto_generated_inst"
    Info (16011): Adding 0 node(s), including 0 DDIO, 0 PLL, 0 transceiver and 0 LCELL
Info (21057): Implemented 100 device resources after synthesis - the final resource count might be different
    Info (21058): Implemented 3 input pins
    Info (21059): Implemented 27 output pins
    Info (21061): Implemented 70 logic cells
Info: Quartus Prime Analysis & Synthesis was successful. 0 errors, 43 warnings
    Info: Peak virtual memory: 4802 megabytes
    Info: Processing ended: Fri Nov 15 23:26:27 2024
    Info: Elapsed time: 00:00:17
    Info: Total CPU time (on all processors): 00:00:29


+------------------------------------------+
; Analysis & Synthesis Suppressed Messages ;
+------------------------------------------+
The suppressed messages can be found in C:/Users/PC/Desktop/IC Design Course/DLD/XGA/output_files/VGA.map.smsg.


